{"D:\\Courses\\The Complete Node.js Course - Mosh\\Vidly\\index.js": {"path":"D:\\Courses\\The Complete Node.js Course - Mosh\\Vidly\\index.js","statementMap":{"0":{"start":{"line":1,"column":17},"end":{"line":1,"column":45}},"1":{"start":{"line":2,"column":16},"end":{"line":2,"column":34}},"2":{"start":{"line":3,"column":15},"end":{"line":3,"column":32}},"3":{"start":{"line":4,"column":11},"end":{"line":4,"column":26}},"4":{"start":{"line":6,"column":16},"end":{"line":6,"column":34}},"5":{"start":{"line":7,"column":12},"end":{"line":7,"column":21}},"6":{"start":{"line":13,"column":18},"end":{"line":15,"column":1}},"7":{"start":{"line":17,"column":0},"end":{"line":17,"column":27}},"8":{"start":{"line":20,"column":0},"end":{"line":20,"column":31}},"9":{"start":{"line":21,"column":0},"end":{"line":21,"column":33}},"10":{"start":{"line":22,"column":25},"end":{"line":22,"column":41}},"11":{"start":{"line":23,"column":0},"end":{"line":23,"column":57}},"12":{"start":{"line":24,"column":0},"end":{"line":24,"column":30}},"13":{"start":{"line":25,"column":0},"end":{"line":25,"column":34}},"14":{"start":{"line":27,"column":13},"end":{"line":27,"column":37}},"15":{"start":{"line":28,"column":15},"end":{"line":30,"column":2}},"16":{"start":{"line":29,"column":2},"end":{"line":29,"column":39}},"17":{"start":{"line":32,"column":0},"end":{"line":32,"column":24}}},"fnMap":{"0":{"name":"(anonymous_0)","decl":{"start":{"line":28,"column":32},"end":{"line":28,"column":33}},"loc":{"start":{"line":28,"column":38},"end":{"line":30,"column":1}},"line":28}},"branchMap":{"0":{"loc":{"start":{"line":27,"column":13},"end":{"line":27,"column":37}},"type":"binary-expr","locations":[{"start":{"line":27,"column":13},"end":{"line":27,"column":29}},{"start":{"line":27,"column":33},"end":{"line":27,"column":37}}],"line":27}},"s":{"0":2,"1":2,"2":2,"3":2,"4":2,"5":2,"6":2,"7":2,"8":2,"9":2,"10":2,"11":2,"12":2,"13":2,"14":2,"15":2,"16":2,"17":2},"f":{"0":2},"b":{"0":[2,2]},"_coverageSchema":"332fd63041d2c1bcb487cc26dd0d5f7d97098a6c","hash":"c66e5f54374c1c6172f6d334566616294e7369b4"}
,"D:\\Courses\\The Complete Node.js Course - Mosh\\Vidly\\middleware\\admin.js": {"path":"D:\\Courses\\The Complete Node.js Course - Mosh\\Vidly\\middleware\\admin.js","statementMap":{"0":{"start":{"line":1,"column":0},"end":{"line":5,"column":1}},"1":{"start":{"line":2,"column":4},"end":{"line":2,"column":68}},"2":{"start":{"line":2,"column":27},"end":{"line":2,"column":68}},"3":{"start":{"line":4,"column":4},"end":{"line":4,"column":11}}},"fnMap":{"0":{"name":"(anonymous_0)","decl":{"start":{"line":1,"column":17},"end":{"line":1,"column":18}},"loc":{"start":{"line":1,"column":42},"end":{"line":5,"column":1}},"line":1}},"branchMap":{"0":{"loc":{"start":{"line":2,"column":4},"end":{"line":2,"column":68}},"type":"if","locations":[{"start":{"line":2,"column":4},"end":{"line":2,"column":68}},{"start":{"line":2,"column":4},"end":{"line":2,"column":68}}],"line":2}},"s":{"0":2,"1":0,"2":0,"3":0},"f":{"0":0},"b":{"0":[0,0]},"_coverageSchema":"332fd63041d2c1bcb487cc26dd0d5f7d97098a6c","hash":"9e52f86614e19441a9696eb45c67afba595fbf68"}
,"D:\\Courses\\The Complete Node.js Course - Mosh\\Vidly\\middleware\\auth.js": {"path":"D:\\Courses\\The Complete Node.js Course - Mosh\\Vidly\\middleware\\auth.js","statementMap":{"0":{"start":{"line":1,"column":14},"end":{"line":1,"column":37}},"1":{"start":{"line":2,"column":17},"end":{"line":2,"column":34}},"2":{"start":{"line":6,"column":2},"end":{"line":18,"column":3}},"3":{"start":{"line":7,"column":20},"end":{"line":7,"column":46}},"4":{"start":{"line":8,"column":6},"end":{"line":8,"column":82}},"5":{"start":{"line":8,"column":18},"end":{"line":8,"column":82}},"6":{"start":{"line":10,"column":6},"end":{"line":16,"column":7}},"7":{"start":{"line":11,"column":26},"end":{"line":11,"column":72}},"8":{"start":{"line":12,"column":10},"end":{"line":12,"column":29}},"9":{"start":{"line":13,"column":10},"end":{"line":13,"column":17}},"10":{"start":{"line":15,"column":10},"end":{"line":15,"column":49}}},"fnMap":{"0":{"name":"(anonymous_0)","decl":{"start":{"line":6,"column":19},"end":{"line":6,"column":20}},"loc":{"start":{"line":6,"column":44},"end":{"line":18,"column":3}},"line":6}},"branchMap":{"0":{"loc":{"start":{"line":8,"column":6},"end":{"line":8,"column":82}},"type":"if","locations":[{"start":{"line":8,"column":6},"end":{"line":8,"column":82}},{"start":{"line":8,"column":6},"end":{"line":8,"column":82}}],"line":8}},"s":{"0":2,"1":2,"2":2,"3":9,"4":9,"5":0,"6":9,"7":9,"8":9,"9":9,"10":0},"f":{"0":9},"b":{"0":[0,9]},"_coverageSchema":"332fd63041d2c1bcb487cc26dd0d5f7d97098a6c","hash":"e9e98a36f3089fd6cff4eded3511a73c09a23121"}
,"D:\\Courses\\The Complete Node.js Course - Mosh\\Vidly\\models\\customer.js": {"path":"D:\\Courses\\The Complete Node.js Course - Mosh\\Vidly\\models\\customer.js","statementMap":{"0":{"start":{"line":1,"column":17},"end":{"line":1,"column":36}},"1":{"start":{"line":2,"column":12},"end":{"line":2,"column":26}},"2":{"start":{"line":6,"column":23},"end":{"line":19,"column":2}},"3":{"start":{"line":22,"column":17},"end":{"line":22,"column":59}},"4":{"start":{"line":27,"column":19},"end":{"line":31,"column":5}},"5":{"start":{"line":33,"column":4},"end":{"line":33,"column":42}},"6":{"start":{"line":37,"column":0},"end":{"line":37,"column":35}},"7":{"start":{"line":38,"column":0},"end":{"line":38,"column":51}}},"fnMap":{"0":{"name":"ValidateCustomer","decl":{"start":{"line":26,"column":9},"end":{"line":26,"column":25}},"loc":{"start":{"line":26,"column":36},"end":{"line":34,"column":1}},"line":26}},"branchMap":{},"s":{"0":2,"1":2,"2":2,"3":2,"4":0,"5":0,"6":2,"7":2},"f":{"0":0},"b":{},"_coverageSchema":"332fd63041d2c1bcb487cc26dd0d5f7d97098a6c","hash":"90d18d3ea758d8784746b64766e7e9c31429e008"}
,"D:\\Courses\\The Complete Node.js Course - Mosh\\Vidly\\models\\genre.js": {"path":"D:\\Courses\\The Complete Node.js Course - Mosh\\Vidly\\models\\genre.js","statementMap":{"0":{"start":{"line":1,"column":17},"end":{"line":1,"column":36}},"1":{"start":{"line":2,"column":12},"end":{"line":2,"column":26}},"2":{"start":{"line":10,"column":20},"end":{"line":17,"column":2}},"3":{"start":{"line":20,"column":14},"end":{"line":20,"column":50}},"4":{"start":{"line":25,"column":19},"end":{"line":27,"column":5}},"5":{"start":{"line":29,"column":4},"end":{"line":29,"column":39}},"6":{"start":{"line":33,"column":0},"end":{"line":33,"column":41}},"7":{"start":{"line":34,"column":0},"end":{"line":34,"column":29}},"8":{"start":{"line":35,"column":0},"end":{"line":35,"column":45}}},"fnMap":{"0":{"name":"ValidateGenre","decl":{"start":{"line":24,"column":9},"end":{"line":24,"column":22}},"loc":{"start":{"line":24,"column":30},"end":{"line":30,"column":1}},"line":24}},"branchMap":{},"s":{"0":2,"1":2,"2":2,"3":2,"4":3,"5":3,"6":2,"7":2,"8":2},"f":{"0":3},"b":{},"_coverageSchema":"332fd63041d2c1bcb487cc26dd0d5f7d97098a6c","hash":"2ac887bae05d560aa4c5e10f15fb52338432fef0"}
,"D:\\Courses\\The Complete Node.js Course - Mosh\\Vidly\\models\\movie.js": {"path":"D:\\Courses\\The Complete Node.js Course - Mosh\\Vidly\\models\\movie.js","statementMap":{"0":{"start":{"line":1,"column":17},"end":{"line":1,"column":36}},"1":{"start":{"line":2,"column":12},"end":{"line":2,"column":26}},"2":{"start":{"line":3,"column":24},"end":{"line":3,"column":42}},"3":{"start":{"line":5,"column":20},"end":{"line":23,"column":2}},"4":{"start":{"line":25,"column":14},"end":{"line":25,"column":50}},"5":{"start":{"line":28,"column":17},"end":{"line":33,"column":3}},"6":{"start":{"line":35,"column":2},"end":{"line":35,"column":37}},"7":{"start":{"line":38,"column":0},"end":{"line":38,"column":29}},"8":{"start":{"line":39,"column":0},"end":{"line":39,"column":45}}},"fnMap":{"0":{"name":"ValidateMovie","decl":{"start":{"line":27,"column":9},"end":{"line":27,"column":22}},"loc":{"start":{"line":27,"column":30},"end":{"line":36,"column":1}},"line":27}},"branchMap":{},"s":{"0":2,"1":2,"2":2,"3":2,"4":2,"5":0,"6":0,"7":2,"8":2},"f":{"0":0},"b":{},"_coverageSchema":"332fd63041d2c1bcb487cc26dd0d5f7d97098a6c","hash":"59ed939583e60498ce919f0a5ab62ff2a7055207"}
,"D:\\Courses\\The Complete Node.js Course - Mosh\\Vidly\\models\\rental.js": {"path":"D:\\Courses\\The Complete Node.js Course - Mosh\\Vidly\\models\\rental.js","statementMap":{"0":{"start":{"line":1,"column":17},"end":{"line":1,"column":36}},"1":{"start":{"line":2,"column":12},"end":{"line":2,"column":26}},"2":{"start":{"line":4,"column":21},"end":{"line":49,"column":2}},"3":{"start":{"line":51,"column":15},"end":{"line":51,"column":53}},"4":{"start":{"line":54,"column":17},"end":{"line":57,"column":3}},"5":{"start":{"line":59,"column":2},"end":{"line":59,"column":38}},"6":{"start":{"line":62,"column":0},"end":{"line":62,"column":31}},"7":{"start":{"line":63,"column":0},"end":{"line":63,"column":47}}},"fnMap":{"0":{"name":"ValidateRental","decl":{"start":{"line":53,"column":9},"end":{"line":53,"column":23}},"loc":{"start":{"line":53,"column":32},"end":{"line":60,"column":1}},"line":53}},"branchMap":{},"s":{"0":2,"1":2,"2":2,"3":2,"4":0,"5":0,"6":2,"7":2},"f":{"0":0},"b":{},"_coverageSchema":"332fd63041d2c1bcb487cc26dd0d5f7d97098a6c","hash":"33a8b54349309c53986cc87f461ea4a7c83f4339"}
,"D:\\Courses\\The Complete Node.js Course - Mosh\\Vidly\\models\\user.js": {"path":"D:\\Courses\\The Complete Node.js Course - Mosh\\Vidly\\models\\user.js","statementMap":{"0":{"start":{"line":1,"column":17},"end":{"line":1,"column":36}},"1":{"start":{"line":2,"column":12},"end":{"line":2,"column":26}},"2":{"start":{"line":3,"column":12},"end":{"line":3,"column":35}},"3":{"start":{"line":4,"column":15},"end":{"line":4,"column":32}},"4":{"start":{"line":12,"column":19},"end":{"line":33,"column":2}},"5":{"start":{"line":36,"column":0},"end":{"line":39,"column":2}},"6":{"start":{"line":37,"column":18},"end":{"line":37,"column":97}},"7":{"start":{"line":38,"column":4},"end":{"line":38,"column":17}},"8":{"start":{"line":42,"column":13},"end":{"line":42,"column":47}},"9":{"start":{"line":47,"column":19},"end":{"line":51,"column":5}},"10":{"start":{"line":53,"column":4},"end":{"line":53,"column":38}},"11":{"start":{"line":58,"column":0},"end":{"line":58,"column":27}},"12":{"start":{"line":59,"column":0},"end":{"line":59,"column":43}}},"fnMap":{"0":{"name":"(anonymous_0)","decl":{"start":{"line":36,"column":39},"end":{"line":36,"column":40}},"loc":{"start":{"line":36,"column":50},"end":{"line":39,"column":1}},"line":36},"1":{"name":"ValidateUser","decl":{"start":{"line":46,"column":9},"end":{"line":46,"column":21}},"loc":{"start":{"line":46,"column":28},"end":{"line":54,"column":1}},"line":46}},"branchMap":{},"s":{"0":2,"1":2,"2":2,"3":2,"4":2,"5":2,"6":10,"7":10,"8":2,"9":0,"10":0,"11":2,"12":2},"f":{"0":10,"1":0},"b":{},"_coverageSchema":"332fd63041d2c1bcb487cc26dd0d5f7d97098a6c","hash":"e51f92f6071994c4db679e47370956848e586655"}
,"D:\\Courses\\The Complete Node.js Course - Mosh\\Vidly\\routes\\auth.js": {"path":"D:\\Courses\\The Complete Node.js Course - Mosh\\Vidly\\routes\\auth.js","statementMap":{"0":{"start":{"line":1,"column":17},"end":{"line":1,"column":42}},"1":{"start":{"line":2,"column":16},"end":{"line":2,"column":34}},"2":{"start":{"line":3,"column":10},"end":{"line":3,"column":27}},"3":{"start":{"line":4,"column":15},"end":{"line":4,"column":32}},"4":{"start":{"line":5,"column":12},"end":{"line":5,"column":26}},"5":{"start":{"line":7,"column":15},"end":{"line":7,"column":31}},"6":{"start":{"line":9,"column":0},"end":{"line":29,"column":3}},"7":{"start":{"line":10,"column":17},"end":{"line":10,"column":35}},"8":{"start":{"line":11,"column":2},"end":{"line":12,"column":65}},"9":{"start":{"line":12,"column":4},"end":{"line":12,"column":65}},"10":{"start":{"line":14,"column":13},"end":{"line":14,"column":58}},"11":{"start":{"line":15,"column":2},"end":{"line":15,"column":70}},"12":{"start":{"line":15,"column":13},"end":{"line":15,"column":70}},"13":{"start":{"line":17,"column":2},"end":{"line":17,"column":73}},"14":{"start":{"line":18,"column":2},"end":{"line":18,"column":79}},"15":{"start":{"line":18,"column":22},"end":{"line":18,"column":79}},"16":{"start":{"line":20,"column":16},"end":{"line":20,"column":40}},"17":{"start":{"line":23,"column":2},"end":{"line":26,"column":54}},"18":{"start":{"line":32,"column":17},"end":{"line":35,"column":3}},"19":{"start":{"line":37,"column":2},"end":{"line":37,"column":35}},"20":{"start":{"line":40,"column":0},"end":{"line":40,"column":24}}},"fnMap":{"0":{"name":"(anonymous_0)","decl":{"start":{"line":9,"column":17},"end":{"line":9,"column":18}},"loc":{"start":{"line":9,"column":37},"end":{"line":29,"column":1}},"line":9},"1":{"name":"Validate","decl":{"start":{"line":31,"column":9},"end":{"line":31,"column":17}},"loc":{"start":{"line":31,"column":23},"end":{"line":38,"column":1}},"line":31}},"branchMap":{"0":{"loc":{"start":{"line":11,"column":2},"end":{"line":12,"column":65}},"type":"if","locations":[{"start":{"line":11,"column":2},"end":{"line":12,"column":65}},{"start":{"line":11,"column":2},"end":{"line":12,"column":65}}],"line":11},"1":{"loc":{"start":{"line":15,"column":2},"end":{"line":15,"column":70}},"type":"if","locations":[{"start":{"line":15,"column":2},"end":{"line":15,"column":70}},{"start":{"line":15,"column":2},"end":{"line":15,"column":70}}],"line":15},"2":{"loc":{"start":{"line":18,"column":2},"end":{"line":18,"column":79}},"type":"if","locations":[{"start":{"line":18,"column":2},"end":{"line":18,"column":79}},{"start":{"line":18,"column":2},"end":{"line":18,"column":79}}],"line":18}},"s":{"0":2,"1":2,"2":2,"3":2,"4":2,"5":2,"6":2,"7":0,"8":0,"9":0,"10":0,"11":0,"12":0,"13":0,"14":0,"15":0,"16":0,"17":0,"18":0,"19":0,"20":2},"f":{"0":0,"1":0},"b":{"0":[0,0],"1":[0,0],"2":[0,0]},"_coverageSchema":"332fd63041d2c1bcb487cc26dd0d5f7d97098a6c","hash":"bbc2642936e215fa2642ae9516d4b358a0d732eb"}
,"D:\\Courses\\The Complete Node.js Course - Mosh\\Vidly\\routes\\customers.js": {"path":"D:\\Courses\\The Complete Node.js Course - Mosh\\Vidly\\routes\\customers.js","statementMap":{"0":{"start":{"line":1,"column":39},"end":{"line":1,"column":68}},"1":{"start":{"line":2,"column":16},"end":{"line":2,"column":34}},"2":{"start":{"line":4,"column":15},"end":{"line":4,"column":31}},"3":{"start":{"line":15,"column":0},"end":{"line":20,"column":3}},"4":{"start":{"line":16,"column":4},"end":{"line":19,"column":37}},"5":{"start":{"line":18,"column":27},"end":{"line":18,"column":46}},"6":{"start":{"line":19,"column":22},"end":{"line":19,"column":35}},"7":{"start":{"line":23,"column":0},"end":{"line":30,"column":3}},"8":{"start":{"line":24,"column":4},"end":{"line":29,"column":11}},"9":{"start":{"line":25,"column":27},"end":{"line":25,"column":46}},"10":{"start":{"line":27,"column":12},"end":{"line":27,"column":42}},"11":{"start":{"line":28,"column":12},"end":{"line":28,"column":19}},"12":{"start":{"line":34,"column":0},"end":{"line":41,"column":3}},"13":{"start":{"line":35,"column":19},"end":{"line":35,"column":45}},"14":{"start":{"line":36,"column":4},"end":{"line":36,"column":76}},"15":{"start":{"line":36,"column":22},"end":{"line":36,"column":76}},"16":{"start":{"line":37,"column":21},"end":{"line":37,"column":43}},"17":{"start":{"line":38,"column":4},"end":{"line":40,"column":48}},"18":{"start":{"line":39,"column":26},"end":{"line":39,"column":56}},"19":{"start":{"line":40,"column":22},"end":{"line":40,"column":47}},"20":{"start":{"line":45,"column":0},"end":{"line":55,"column":3}},"21":{"start":{"line":46,"column":19},"end":{"line":46,"column":45}},"22":{"start":{"line":47,"column":4},"end":{"line":47,"column":76}},"23":{"start":{"line":47,"column":22},"end":{"line":47,"column":76}},"24":{"start":{"line":48,"column":4},"end":{"line":53,"column":11}},"25":{"start":{"line":49,"column":25},"end":{"line":49,"column":52}},"26":{"start":{"line":51,"column":12},"end":{"line":51,"column":44}},"27":{"start":{"line":52,"column":12},"end":{"line":52,"column":19}},"28":{"start":{"line":58,"column":0},"end":{"line":66,"column":3}},"29":{"start":{"line":59,"column":4},"end":{"line":64,"column":11}},"30":{"start":{"line":60,"column":26},"end":{"line":60,"column":56}},"31":{"start":{"line":62,"column":12},"end":{"line":62,"column":45}},"32":{"start":{"line":63,"column":12},"end":{"line":63,"column":19}},"33":{"start":{"line":70,"column":0},"end":{"line":70,"column":24}}},"fnMap":{"0":{"name":"(anonymous_0)","decl":{"start":{"line":15,"column":16},"end":{"line":15,"column":17}},"loc":{"start":{"line":15,"column":30},"end":{"line":20,"column":1}},"line":15},"1":{"name":"(anonymous_1)","decl":{"start":{"line":18,"column":14},"end":{"line":18,"column":15}},"loc":{"start":{"line":18,"column":27},"end":{"line":18,"column":46}},"line":18},"2":{"name":"(anonymous_2)","decl":{"start":{"line":19,"column":15},"end":{"line":19,"column":16}},"loc":{"start":{"line":19,"column":22},"end":{"line":19,"column":35}},"line":19},"3":{"name":"(anonymous_3)","decl":{"start":{"line":23,"column":19},"end":{"line":23,"column":20}},"loc":{"start":{"line":23,"column":39},"end":{"line":30,"column":1}},"line":23},"4":{"name":"(anonymous_4)","decl":{"start":{"line":25,"column":14},"end":{"line":25,"column":15}},"loc":{"start":{"line":25,"column":27},"end":{"line":25,"column":46}},"line":25},"5":{"name":"(anonymous_5)","decl":{"start":{"line":26,"column":15},"end":{"line":26,"column":16}},"loc":{"start":{"line":26,"column":21},"end":{"line":29,"column":9}},"line":26},"6":{"name":"(anonymous_6)","decl":{"start":{"line":34,"column":17},"end":{"line":34,"column":18}},"loc":{"start":{"line":34,"column":31},"end":{"line":41,"column":1}},"line":34},"7":{"name":"(anonymous_7)","decl":{"start":{"line":39,"column":14},"end":{"line":39,"column":15}},"loc":{"start":{"line":39,"column":26},"end":{"line":39,"column":56}},"line":39},"8":{"name":"(anonymous_8)","decl":{"start":{"line":40,"column":15},"end":{"line":40,"column":16}},"loc":{"start":{"line":40,"column":22},"end":{"line":40,"column":47}},"line":40},"9":{"name":"(anonymous_9)","decl":{"start":{"line":45,"column":19},"end":{"line":45,"column":20}},"loc":{"start":{"line":45,"column":39},"end":{"line":55,"column":1}},"line":45},"10":{"name":"(anonymous_10)","decl":{"start":{"line":49,"column":14},"end":{"line":49,"column":15}},"loc":{"start":{"line":49,"column":25},"end":{"line":49,"column":52}},"line":49},"11":{"name":"(anonymous_11)","decl":{"start":{"line":50,"column":15},"end":{"line":50,"column":16}},"loc":{"start":{"line":50,"column":21},"end":{"line":53,"column":9}},"line":50},"12":{"name":"(anonymous_12)","decl":{"start":{"line":58,"column":22},"end":{"line":58,"column":23}},"loc":{"start":{"line":58,"column":42},"end":{"line":66,"column":1}},"line":58},"13":{"name":"(anonymous_13)","decl":{"start":{"line":60,"column":14},"end":{"line":60,"column":15}},"loc":{"start":{"line":60,"column":26},"end":{"line":60,"column":56}},"line":60},"14":{"name":"(anonymous_14)","decl":{"start":{"line":61,"column":15},"end":{"line":61,"column":16}},"loc":{"start":{"line":61,"column":21},"end":{"line":64,"column":9}},"line":61}},"branchMap":{"0":{"loc":{"start":{"line":36,"column":4},"end":{"line":36,"column":76}},"type":"if","locations":[{"start":{"line":36,"column":4},"end":{"line":36,"column":76}},{"start":{"line":36,"column":4},"end":{"line":36,"column":76}}],"line":36},"1":{"loc":{"start":{"line":47,"column":4},"end":{"line":47,"column":76}},"type":"if","locations":[{"start":{"line":47,"column":4},"end":{"line":47,"column":76}},{"start":{"line":47,"column":4},"end":{"line":47,"column":76}}],"line":47}},"s":{"0":2,"1":2,"2":2,"3":2,"4":0,"5":0,"6":0,"7":2,"8":0,"9":0,"10":0,"11":0,"12":2,"13":0,"14":0,"15":0,"16":0,"17":0,"18":0,"19":0,"20":2,"21":0,"22":0,"23":0,"24":0,"25":0,"26":0,"27":0,"28":2,"29":0,"30":0,"31":0,"32":0,"33":2},"f":{"0":0,"1":0,"2":0,"3":0,"4":0,"5":0,"6":0,"7":0,"8":0,"9":0,"10":0,"11":0,"12":0,"13":0,"14":0},"b":{"0":[0,0],"1":[0,0]},"_coverageSchema":"332fd63041d2c1bcb487cc26dd0d5f7d97098a6c","hash":"ec0e6e59d317bb95c0888436a3d13b65dc085932"}
,"D:\\Courses\\The Complete Node.js Course - Mosh\\Vidly\\routes\\genres.js": {"path":"D:\\Courses\\The Complete Node.js Course - Mosh\\Vidly\\routes\\genres.js","statementMap":{"0":{"start":{"line":1,"column":33},"end":{"line":1,"column":59}},"1":{"start":{"line":2,"column":16},"end":{"line":2,"column":34}},"2":{"start":{"line":3,"column":13},"end":{"line":3,"column":42}},"3":{"start":{"line":4,"column":14},"end":{"line":4,"column":44}},"4":{"start":{"line":6,"column":15},"end":{"line":6,"column":31}},"5":{"start":{"line":15,"column":0},"end":{"line":25,"column":3}},"6":{"start":{"line":16,"column":2},"end":{"line":22,"column":7}},"7":{"start":{"line":18,"column":22},"end":{"line":18,"column":38}},"8":{"start":{"line":20,"column":6},"end":{"line":20,"column":36}},"9":{"start":{"line":21,"column":6},"end":{"line":21,"column":16}},"10":{"start":{"line":27,"column":0},"end":{"line":38,"column":3}},"11":{"start":{"line":28,"column":2},"end":{"line":33,"column":7}},"12":{"start":{"line":29,"column":21},"end":{"line":29,"column":36}},"13":{"start":{"line":31,"column":6},"end":{"line":31,"column":37}},"14":{"start":{"line":32,"column":6},"end":{"line":32,"column":13}},"15":{"start":{"line":54,"column":0},"end":{"line":60,"column":3}},"16":{"start":{"line":55,"column":17},"end":{"line":55,"column":40}},"17":{"start":{"line":56,"column":2},"end":{"line":57,"column":65}},"18":{"start":{"line":57,"column":4},"end":{"line":57,"column":65}},"19":{"start":{"line":58,"column":16},"end":{"line":58,"column":35}},"20":{"start":{"line":59,"column":2},"end":{"line":59,"column":60}},"21":{"start":{"line":59,"column":31},"end":{"line":59,"column":58}},"22":{"start":{"line":62,"column":0},"end":{"line":82,"column":3}},"23":{"start":{"line":63,"column":17},"end":{"line":63,"column":40}},"24":{"start":{"line":64,"column":2},"end":{"line":65,"column":65}},"25":{"start":{"line":65,"column":4},"end":{"line":65,"column":65}},"26":{"start":{"line":67,"column":2},"end":{"line":72,"column":7}},"27":{"start":{"line":68,"column":21},"end":{"line":68,"column":48}},"28":{"start":{"line":70,"column":6},"end":{"line":70,"column":39}},"29":{"start":{"line":71,"column":6},"end":{"line":71,"column":13}},"30":{"start":{"line":84,"column":0},"end":{"line":99,"column":3}},"31":{"start":{"line":85,"column":2},"end":{"line":90,"column":7}},"32":{"start":{"line":86,"column":21},"end":{"line":86,"column":48}},"33":{"start":{"line":88,"column":6},"end":{"line":88,"column":39}},"34":{"start":{"line":89,"column":6},"end":{"line":89,"column":13}},"35":{"start":{"line":101,"column":0},"end":{"line":101,"column":24}}},"fnMap":{"0":{"name":"(anonymous_0)","decl":{"start":{"line":15,"column":16},"end":{"line":15,"column":17}},"loc":{"start":{"line":15,"column":36},"end":{"line":25,"column":1}},"line":15},"1":{"name":"(anonymous_1)","decl":{"start":{"line":18,"column":10},"end":{"line":18,"column":11}},"loc":{"start":{"line":18,"column":22},"end":{"line":18,"column":38}},"line":18},"2":{"name":"(anonymous_2)","decl":{"start":{"line":19,"column":11},"end":{"line":19,"column":12}},"loc":{"start":{"line":19,"column":20},"end":{"line":22,"column":5}},"line":19},"3":{"name":"(anonymous_3)","decl":{"start":{"line":27,"column":19},"end":{"line":27,"column":20}},"loc":{"start":{"line":27,"column":39},"end":{"line":38,"column":1}},"line":27},"4":{"name":"(anonymous_4)","decl":{"start":{"line":29,"column":10},"end":{"line":29,"column":11}},"loc":{"start":{"line":29,"column":21},"end":{"line":29,"column":36}},"line":29},"5":{"name":"(anonymous_5)","decl":{"start":{"line":30,"column":11},"end":{"line":30,"column":12}},"loc":{"start":{"line":30,"column":17},"end":{"line":33,"column":5}},"line":30},"6":{"name":"(anonymous_6)","decl":{"start":{"line":54,"column":17},"end":{"line":54,"column":18}},"loc":{"start":{"line":54,"column":31},"end":{"line":60,"column":1}},"line":54},"7":{"name":"(anonymous_7)","decl":{"start":{"line":59,"column":20},"end":{"line":59,"column":21}},"loc":{"start":{"line":59,"column":31},"end":{"line":59,"column":58}},"line":59},"8":{"name":"(anonymous_8)","decl":{"start":{"line":62,"column":19},"end":{"line":62,"column":20}},"loc":{"start":{"line":62,"column":39},"end":{"line":82,"column":1}},"line":62},"9":{"name":"(anonymous_9)","decl":{"start":{"line":68,"column":10},"end":{"line":68,"column":11}},"loc":{"start":{"line":68,"column":21},"end":{"line":68,"column":48}},"line":68},"10":{"name":"(anonymous_10)","decl":{"start":{"line":69,"column":11},"end":{"line":69,"column":12}},"loc":{"start":{"line":69,"column":17},"end":{"line":72,"column":5}},"line":69},"11":{"name":"(anonymous_11)","decl":{"start":{"line":84,"column":22},"end":{"line":84,"column":23}},"loc":{"start":{"line":84,"column":42},"end":{"line":99,"column":1}},"line":84},"12":{"name":"(anonymous_12)","decl":{"start":{"line":86,"column":10},"end":{"line":86,"column":11}},"loc":{"start":{"line":86,"column":21},"end":{"line":86,"column":48}},"line":86},"13":{"name":"(anonymous_13)","decl":{"start":{"line":87,"column":11},"end":{"line":87,"column":12}},"loc":{"start":{"line":87,"column":17},"end":{"line":90,"column":5}},"line":87}},"branchMap":{"0":{"loc":{"start":{"line":56,"column":2},"end":{"line":57,"column":65}},"type":"if","locations":[{"start":{"line":56,"column":2},"end":{"line":57,"column":65}},{"start":{"line":56,"column":2},"end":{"line":57,"column":65}}],"line":56},"1":{"loc":{"start":{"line":64,"column":2},"end":{"line":65,"column":65}},"type":"if","locations":[{"start":{"line":64,"column":2},"end":{"line":65,"column":65}},{"start":{"line":64,"column":2},"end":{"line":65,"column":65}}],"line":64}},"s":{"0":2,"1":2,"2":2,"3":2,"4":2,"5":2,"6":0,"7":0,"8":0,"9":0,"10":2,"11":2,"12":1,"13":1,"14":1,"15":2,"16":3,"17":3,"18":2,"19":1,"20":1,"21":1,"22":2,"23":0,"24":0,"25":0,"26":0,"27":0,"28":0,"29":0,"30":2,"31":0,"32":0,"33":0,"34":0,"35":2},"f":{"0":0,"1":0,"2":0,"3":2,"4":1,"5":1,"6":3,"7":1,"8":0,"9":0,"10":0,"11":0,"12":0,"13":0},"b":{"0":[2,1],"1":[0,0]},"_coverageSchema":"332fd63041d2c1bcb487cc26dd0d5f7d97098a6c","hash":"161bc04db9ee7882b11dc5191c916e8c56134dc5"}
,"D:\\Courses\\The Complete Node.js Course - Mosh\\Vidly\\routes\\movies.js": {"path":"D:\\Courses\\The Complete Node.js Course - Mosh\\Vidly\\routes\\movies.js","statementMap":{"0":{"start":{"line":1,"column":33},"end":{"line":1,"column":59}},"1":{"start":{"line":2,"column":18},"end":{"line":2,"column":44}},"2":{"start":{"line":3,"column":16},"end":{"line":3,"column":34}},"3":{"start":{"line":5,"column":15},"end":{"line":5,"column":31}},"4":{"start":{"line":7,"column":0},"end":{"line":12,"column":3}},"5":{"start":{"line":8,"column":2},"end":{"line":11,"column":35}},"6":{"start":{"line":10,"column":22},"end":{"line":10,"column":38}},"7":{"start":{"line":11,"column":20},"end":{"line":11,"column":33}},"8":{"start":{"line":14,"column":0},"end":{"line":21,"column":3}},"9":{"start":{"line":15,"column":2},"end":{"line":20,"column":7}},"10":{"start":{"line":16,"column":21},"end":{"line":16,"column":36}},"11":{"start":{"line":18,"column":6},"end":{"line":18,"column":37}},"12":{"start":{"line":19,"column":6},"end":{"line":19,"column":13}},"13":{"start":{"line":23,"column":0},"end":{"line":43,"column":3}},"14":{"start":{"line":24,"column":17},"end":{"line":24,"column":40}},"15":{"start":{"line":25,"column":2},"end":{"line":26,"column":65}},"16":{"start":{"line":26,"column":4},"end":{"line":26,"column":65}},"17":{"start":{"line":28,"column":16},"end":{"line":28,"column":54}},"18":{"start":{"line":29,"column":2},"end":{"line":32,"column":3}},"19":{"start":{"line":30,"column":4},"end":{"line":30,"column":31}},"20":{"start":{"line":31,"column":4},"end":{"line":31,"column":11}},"21":{"start":{"line":34,"column":16},"end":{"line":34,"column":35}},"22":{"start":{"line":35,"column":2},"end":{"line":38,"column":4}},"23":{"start":{"line":39,"column":2},"end":{"line":42,"column":47}},"24":{"start":{"line":41,"column":21},"end":{"line":41,"column":48}},"25":{"start":{"line":42,"column":20},"end":{"line":42,"column":45}},"26":{"start":{"line":45,"column":0},"end":{"line":60,"column":3}},"27":{"start":{"line":46,"column":17},"end":{"line":46,"column":40}},"28":{"start":{"line":47,"column":2},"end":{"line":47,"column":74}},"29":{"start":{"line":47,"column":20},"end":{"line":47,"column":74}},"30":{"start":{"line":49,"column":14},"end":{"line":49,"column":52}},"31":{"start":{"line":50,"column":2},"end":{"line":53,"column":4}},"32":{"start":{"line":54,"column":2},"end":{"line":59,"column":7}},"33":{"start":{"line":55,"column":21},"end":{"line":55,"column":48}},"34":{"start":{"line":57,"column":6},"end":{"line":57,"column":39}},"35":{"start":{"line":58,"column":6},"end":{"line":58,"column":13}},"36":{"start":{"line":62,"column":0},"end":{"line":69,"column":3}},"37":{"start":{"line":63,"column":2},"end":{"line":68,"column":7}},"38":{"start":{"line":64,"column":21},"end":{"line":64,"column":48}},"39":{"start":{"line":66,"column":6},"end":{"line":66,"column":39}},"40":{"start":{"line":67,"column":6},"end":{"line":67,"column":13}},"41":{"start":{"line":71,"column":0},"end":{"line":71,"column":24}}},"fnMap":{"0":{"name":"(anonymous_0)","decl":{"start":{"line":7,"column":16},"end":{"line":7,"column":17}},"loc":{"start":{"line":7,"column":30},"end":{"line":12,"column":1}},"line":7},"1":{"name":"(anonymous_1)","decl":{"start":{"line":10,"column":10},"end":{"line":10,"column":11}},"loc":{"start":{"line":10,"column":22},"end":{"line":10,"column":38}},"line":10},"2":{"name":"(anonymous_2)","decl":{"start":{"line":11,"column":11},"end":{"line":11,"column":12}},"loc":{"start":{"line":11,"column":20},"end":{"line":11,"column":33}},"line":11},"3":{"name":"(anonymous_3)","decl":{"start":{"line":14,"column":19},"end":{"line":14,"column":20}},"loc":{"start":{"line":14,"column":39},"end":{"line":21,"column":1}},"line":14},"4":{"name":"(anonymous_4)","decl":{"start":{"line":16,"column":10},"end":{"line":16,"column":11}},"loc":{"start":{"line":16,"column":21},"end":{"line":16,"column":36}},"line":16},"5":{"name":"(anonymous_5)","decl":{"start":{"line":17,"column":11},"end":{"line":17,"column":12}},"loc":{"start":{"line":17,"column":17},"end":{"line":20,"column":5}},"line":17},"6":{"name":"(anonymous_6)","decl":{"start":{"line":23,"column":17},"end":{"line":23,"column":18}},"loc":{"start":{"line":23,"column":43},"end":{"line":43,"column":1}},"line":23},"7":{"name":"(anonymous_7)","decl":{"start":{"line":41,"column":10},"end":{"line":41,"column":11}},"loc":{"start":{"line":41,"column":21},"end":{"line":41,"column":48}},"line":41},"8":{"name":"(anonymous_8)","decl":{"start":{"line":42,"column":11},"end":{"line":42,"column":12}},"loc":{"start":{"line":42,"column":20},"end":{"line":42,"column":45}},"line":42},"9":{"name":"(anonymous_9)","decl":{"start":{"line":45,"column":19},"end":{"line":45,"column":20}},"loc":{"start":{"line":45,"column":45},"end":{"line":60,"column":1}},"line":45},"10":{"name":"(anonymous_10)","decl":{"start":{"line":55,"column":10},"end":{"line":55,"column":11}},"loc":{"start":{"line":55,"column":21},"end":{"line":55,"column":48}},"line":55},"11":{"name":"(anonymous_11)","decl":{"start":{"line":56,"column":11},"end":{"line":56,"column":12}},"loc":{"start":{"line":56,"column":17},"end":{"line":59,"column":5}},"line":56},"12":{"name":"(anonymous_12)","decl":{"start":{"line":62,"column":22},"end":{"line":62,"column":23}},"loc":{"start":{"line":62,"column":42},"end":{"line":69,"column":1}},"line":62},"13":{"name":"(anonymous_13)","decl":{"start":{"line":64,"column":10},"end":{"line":64,"column":11}},"loc":{"start":{"line":64,"column":21},"end":{"line":64,"column":48}},"line":64},"14":{"name":"(anonymous_14)","decl":{"start":{"line":65,"column":11},"end":{"line":65,"column":12}},"loc":{"start":{"line":65,"column":17},"end":{"line":68,"column":5}},"line":65}},"branchMap":{"0":{"loc":{"start":{"line":25,"column":2},"end":{"line":26,"column":65}},"type":"if","locations":[{"start":{"line":25,"column":2},"end":{"line":26,"column":65}},{"start":{"line":25,"column":2},"end":{"line":26,"column":65}}],"line":25},"1":{"loc":{"start":{"line":29,"column":2},"end":{"line":32,"column":3}},"type":"if","locations":[{"start":{"line":29,"column":2},"end":{"line":32,"column":3}},{"start":{"line":29,"column":2},"end":{"line":32,"column":3}}],"line":29},"2":{"loc":{"start":{"line":47,"column":2},"end":{"line":47,"column":74}},"type":"if","locations":[{"start":{"line":47,"column":2},"end":{"line":47,"column":74}},{"start":{"line":47,"column":2},"end":{"line":47,"column":74}}],"line":47}},"s":{"0":2,"1":2,"2":2,"3":2,"4":2,"5":0,"6":0,"7":0,"8":2,"9":0,"10":0,"11":0,"12":0,"13":2,"14":0,"15":0,"16":0,"17":0,"18":0,"19":0,"20":0,"21":0,"22":0,"23":0,"24":0,"25":0,"26":2,"27":0,"28":0,"29":0,"30":0,"31":0,"32":0,"33":0,"34":0,"35":0,"36":2,"37":0,"38":0,"39":0,"40":0,"41":2},"f":{"0":0,"1":0,"2":0,"3":0,"4":0,"5":0,"6":0,"7":0,"8":0,"9":0,"10":0,"11":0,"12":0,"13":0,"14":0},"b":{"0":[0,0],"1":[0,0],"2":[0,0]},"_coverageSchema":"332fd63041d2c1bcb487cc26dd0d5f7d97098a6c","hash":"5741b6d1c28072465f15922b6c167b6495390092"}
,"D:\\Courses\\The Complete Node.js Course - Mosh\\Vidly\\routes\\rentals.js": {"path":"D:\\Courses\\The Complete Node.js Course - Mosh\\Vidly\\routes\\rentals.js","statementMap":{"0":{"start":{"line":1,"column":35},"end":{"line":1,"column":62}},"1":{"start":{"line":2,"column":21},"end":{"line":2,"column":50}},"2":{"start":{"line":3,"column":18},"end":{"line":3,"column":44}},"3":{"start":{"line":4,"column":16},"end":{"line":4,"column":34}},"4":{"start":{"line":6,"column":15},"end":{"line":6,"column":31}},"5":{"start":{"line":8,"column":0},"end":{"line":13,"column":3}},"6":{"start":{"line":9,"column":2},"end":{"line":12,"column":35}},"7":{"start":{"line":11,"column":23},"end":{"line":11,"column":40}},"8":{"start":{"line":12,"column":20},"end":{"line":12,"column":33}},"9":{"start":{"line":15,"column":0},"end":{"line":22,"column":3}},"10":{"start":{"line":16,"column":2},"end":{"line":21,"column":7}},"11":{"start":{"line":17,"column":22},"end":{"line":17,"column":38}},"12":{"start":{"line":19,"column":6},"end":{"line":19,"column":37}},"13":{"start":{"line":20,"column":6},"end":{"line":20,"column":13}},"14":{"start":{"line":24,"column":0},"end":{"line":64,"column":3}},"15":{"start":{"line":25,"column":17},"end":{"line":25,"column":41}},"16":{"start":{"line":26,"column":2},"end":{"line":27,"column":65}},"17":{"start":{"line":27,"column":4},"end":{"line":27,"column":65}},"18":{"start":{"line":29,"column":19},"end":{"line":29,"column":63}},"19":{"start":{"line":30,"column":2},"end":{"line":33,"column":3}},"20":{"start":{"line":31,"column":4},"end":{"line":31,"column":34}},"21":{"start":{"line":32,"column":4},"end":{"line":32,"column":11}},"22":{"start":{"line":35,"column":16},"end":{"line":35,"column":54}},"23":{"start":{"line":36,"column":2},"end":{"line":39,"column":3}},"24":{"start":{"line":37,"column":4},"end":{"line":37,"column":31}},"25":{"start":{"line":38,"column":4},"end":{"line":38,"column":11}},"26":{"start":{"line":40,"column":2},"end":{"line":40,"column":31}},"27":{"start":{"line":41,"column":17},"end":{"line":54,"column":4}},"28":{"start":{"line":56,"column":2},"end":{"line":63,"column":47}},"29":{"start":{"line":59,"column":6},"end":{"line":59,"column":28}},"30":{"start":{"line":60,"column":6},"end":{"line":60,"column":25}},"31":{"start":{"line":61,"column":6},"end":{"line":61,"column":30}},"32":{"start":{"line":63,"column":20},"end":{"line":63,"column":45}},"33":{"start":{"line":66,"column":0},"end":{"line":88,"column":3}},"34":{"start":{"line":67,"column":17},"end":{"line":67,"column":41}},"35":{"start":{"line":68,"column":2},"end":{"line":68,"column":74}},"36":{"start":{"line":68,"column":20},"end":{"line":68,"column":74}},"37":{"start":{"line":70,"column":2},"end":{"line":70,"column":67}},"38":{"start":{"line":71,"column":2},"end":{"line":74,"column":3}},"39":{"start":{"line":72,"column":4},"end":{"line":72,"column":34}},"40":{"start":{"line":73,"column":4},"end":{"line":73,"column":11}},"41":{"start":{"line":76,"column":2},"end":{"line":76,"column":58}},"42":{"start":{"line":77,"column":2},"end":{"line":80,"column":3}},"43":{"start":{"line":78,"column":4},"end":{"line":78,"column":31}},"44":{"start":{"line":79,"column":4},"end":{"line":79,"column":11}},"45":{"start":{"line":82,"column":2},"end":{"line":87,"column":7}},"46":{"start":{"line":83,"column":21},"end":{"line":83,"column":48}},"47":{"start":{"line":85,"column":6},"end":{"line":85,"column":39}},"48":{"start":{"line":86,"column":6},"end":{"line":86,"column":13}},"49":{"start":{"line":90,"column":0},"end":{"line":97,"column":3}},"50":{"start":{"line":91,"column":2},"end":{"line":96,"column":7}},"51":{"start":{"line":92,"column":22},"end":{"line":92,"column":50}},"52":{"start":{"line":94,"column":6},"end":{"line":94,"column":39}},"53":{"start":{"line":95,"column":6},"end":{"line":95,"column":13}},"54":{"start":{"line":99,"column":0},"end":{"line":99,"column":24}}},"fnMap":{"0":{"name":"(anonymous_0)","decl":{"start":{"line":8,"column":16},"end":{"line":8,"column":17}},"loc":{"start":{"line":8,"column":30},"end":{"line":13,"column":1}},"line":8},"1":{"name":"(anonymous_1)","decl":{"start":{"line":11,"column":10},"end":{"line":11,"column":11}},"loc":{"start":{"line":11,"column":23},"end":{"line":11,"column":40}},"line":11},"2":{"name":"(anonymous_2)","decl":{"start":{"line":12,"column":11},"end":{"line":12,"column":12}},"loc":{"start":{"line":12,"column":20},"end":{"line":12,"column":33}},"line":12},"3":{"name":"(anonymous_3)","decl":{"start":{"line":15,"column":19},"end":{"line":15,"column":20}},"loc":{"start":{"line":15,"column":39},"end":{"line":22,"column":1}},"line":15},"4":{"name":"(anonymous_4)","decl":{"start":{"line":17,"column":10},"end":{"line":17,"column":11}},"loc":{"start":{"line":17,"column":22},"end":{"line":17,"column":38}},"line":17},"5":{"name":"(anonymous_5)","decl":{"start":{"line":18,"column":11},"end":{"line":18,"column":12}},"loc":{"start":{"line":18,"column":17},"end":{"line":21,"column":5}},"line":18},"6":{"name":"(anonymous_6)","decl":{"start":{"line":24,"column":17},"end":{"line":24,"column":18}},"loc":{"start":{"line":24,"column":43},"end":{"line":64,"column":1}},"line":24},"7":{"name":"(anonymous_7)","decl":{"start":{"line":58,"column":10},"end":{"line":58,"column":11}},"loc":{"start":{"line":58,"column":28},"end":{"line":62,"column":5}},"line":58},"8":{"name":"(anonymous_8)","decl":{"start":{"line":63,"column":11},"end":{"line":63,"column":12}},"loc":{"start":{"line":63,"column":20},"end":{"line":63,"column":45}},"line":63},"9":{"name":"(anonymous_9)","decl":{"start":{"line":66,"column":19},"end":{"line":66,"column":20}},"loc":{"start":{"line":66,"column":45},"end":{"line":88,"column":1}},"line":66},"10":{"name":"(anonymous_10)","decl":{"start":{"line":83,"column":10},"end":{"line":83,"column":11}},"loc":{"start":{"line":83,"column":21},"end":{"line":83,"column":48}},"line":83},"11":{"name":"(anonymous_11)","decl":{"start":{"line":84,"column":11},"end":{"line":84,"column":12}},"loc":{"start":{"line":84,"column":17},"end":{"line":87,"column":5}},"line":84},"12":{"name":"(anonymous_12)","decl":{"start":{"line":90,"column":22},"end":{"line":90,"column":23}},"loc":{"start":{"line":90,"column":42},"end":{"line":97,"column":1}},"line":90},"13":{"name":"(anonymous_13)","decl":{"start":{"line":92,"column":10},"end":{"line":92,"column":11}},"loc":{"start":{"line":92,"column":22},"end":{"line":92,"column":50}},"line":92},"14":{"name":"(anonymous_14)","decl":{"start":{"line":93,"column":11},"end":{"line":93,"column":12}},"loc":{"start":{"line":93,"column":17},"end":{"line":96,"column":5}},"line":93}},"branchMap":{"0":{"loc":{"start":{"line":26,"column":2},"end":{"line":27,"column":65}},"type":"if","locations":[{"start":{"line":26,"column":2},"end":{"line":27,"column":65}},{"start":{"line":26,"column":2},"end":{"line":27,"column":65}}],"line":26},"1":{"loc":{"start":{"line":30,"column":2},"end":{"line":33,"column":3}},"type":"if","locations":[{"start":{"line":30,"column":2},"end":{"line":33,"column":3}},{"start":{"line":30,"column":2},"end":{"line":33,"column":3}}],"line":30},"2":{"loc":{"start":{"line":36,"column":2},"end":{"line":39,"column":3}},"type":"if","locations":[{"start":{"line":36,"column":2},"end":{"line":39,"column":3}},{"start":{"line":36,"column":2},"end":{"line":39,"column":3}}],"line":36},"3":{"loc":{"start":{"line":68,"column":2},"end":{"line":68,"column":74}},"type":"if","locations":[{"start":{"line":68,"column":2},"end":{"line":68,"column":74}},{"start":{"line":68,"column":2},"end":{"line":68,"column":74}}],"line":68},"4":{"loc":{"start":{"line":71,"column":2},"end":{"line":74,"column":3}},"type":"if","locations":[{"start":{"line":71,"column":2},"end":{"line":74,"column":3}},{"start":{"line":71,"column":2},"end":{"line":74,"column":3}}],"line":71},"5":{"loc":{"start":{"line":77,"column":2},"end":{"line":80,"column":3}},"type":"if","locations":[{"start":{"line":77,"column":2},"end":{"line":80,"column":3}},{"start":{"line":77,"column":2},"end":{"line":80,"column":3}}],"line":77}},"s":{"0":2,"1":2,"2":2,"3":2,"4":2,"5":2,"6":0,"7":0,"8":0,"9":2,"10":0,"11":0,"12":0,"13":0,"14":2,"15":0,"16":0,"17":0,"18":0,"19":0,"20":0,"21":0,"22":0,"23":0,"24":0,"25":0,"26":0,"27":0,"28":0,"29":0,"30":0,"31":0,"32":0,"33":2,"34":0,"35":0,"36":0,"37":0,"38":0,"39":0,"40":0,"41":0,"42":0,"43":0,"44":0,"45":0,"46":0,"47":0,"48":0,"49":2,"50":0,"51":0,"52":0,"53":0,"54":2},"f":{"0":0,"1":0,"2":0,"3":0,"4":0,"5":0,"6":0,"7":0,"8":0,"9":0,"10":0,"11":0,"12":0,"13":0,"14":0},"b":{"0":[0,0],"1":[0,0],"2":[0,0],"3":[0,0],"4":[0,0],"5":[0,0]},"_coverageSchema":"332fd63041d2c1bcb487cc26dd0d5f7d97098a6c","hash":"98129aa350fb959dd78afcb93152ecffdeec6beb"}
,"D:\\Courses\\The Complete Node.js Course - Mosh\\Vidly\\routes\\returns.js": {"path":"D:\\Courses\\The Complete Node.js Course - Mosh\\Vidly\\routes\\returns.js","statementMap":{"0":{"start":{"line":1,"column":21},"end":{"line":1,"column":39}},"1":{"start":{"line":2,"column":16},"end":{"line":2,"column":34}},"2":{"start":{"line":3,"column":15},"end":{"line":3,"column":31}},"3":{"start":{"line":4,"column":19},"end":{"line":4,"column":46}},"4":{"start":{"line":5,"column":18},"end":{"line":5,"column":44}},"5":{"start":{"line":6,"column":13},"end":{"line":6,"column":42}},"6":{"start":{"line":7,"column":15},"end":{"line":7,"column":32}},"7":{"start":{"line":9,"column":0},"end":{"line":35,"column":3}},"8":{"start":{"line":10,"column":2},"end":{"line":11,"column":58}},"9":{"start":{"line":11,"column":4},"end":{"line":11,"column":58}},"10":{"start":{"line":13,"column":2},"end":{"line":13,"column":77}},"11":{"start":{"line":13,"column":25},"end":{"line":13,"column":77}},"12":{"start":{"line":15,"column":17},"end":{"line":18,"column":4}},"13":{"start":{"line":20,"column":2},"end":{"line":20,"column":63}},"14":{"start":{"line":20,"column":15},"end":{"line":20,"column":63}},"15":{"start":{"line":22,"column":2},"end":{"line":22,"column":77}},"16":{"start":{"line":22,"column":27},"end":{"line":22,"column":77}},"17":{"start":{"line":24,"column":2},"end":{"line":24,"column":35}},"18":{"start":{"line":25,"column":21},"end":{"line":25,"column":58}},"19":{"start":{"line":27,"column":2},"end":{"line":27,"column":63}},"20":{"start":{"line":29,"column":2},"end":{"line":29,"column":22}},"21":{"start":{"line":31,"column":2},"end":{"line":31,"column":80}},"22":{"start":{"line":32,"column":2},"end":{"line":32,"column":38}},"23":{"start":{"line":37,"column":0},"end":{"line":37,"column":24}}},"fnMap":{"0":{"name":"(anonymous_0)","decl":{"start":{"line":9,"column":23},"end":{"line":9,"column":24}},"loc":{"start":{"line":9,"column":49},"end":{"line":35,"column":1}},"line":9}},"branchMap":{"0":{"loc":{"start":{"line":10,"column":2},"end":{"line":11,"column":58}},"type":"if","locations":[{"start":{"line":10,"column":2},"end":{"line":11,"column":58}},{"start":{"line":10,"column":2},"end":{"line":11,"column":58}}],"line":10},"1":{"loc":{"start":{"line":13,"column":2},"end":{"line":13,"column":77}},"type":"if","locations":[{"start":{"line":13,"column":2},"end":{"line":13,"column":77}},{"start":{"line":13,"column":2},"end":{"line":13,"column":77}}],"line":13},"2":{"loc":{"start":{"line":20,"column":2},"end":{"line":20,"column":63}},"type":"if","locations":[{"start":{"line":20,"column":2},"end":{"line":20,"column":63}},{"start":{"line":20,"column":2},"end":{"line":20,"column":63}}],"line":20},"3":{"loc":{"start":{"line":22,"column":2},"end":{"line":22,"column":77}},"type":"if","locations":[{"start":{"line":22,"column":2},"end":{"line":22,"column":77}},{"start":{"line":22,"column":2},"end":{"line":22,"column":77}}],"line":22}},"s":{"0":2,"1":2,"2":2,"3":2,"4":2,"5":2,"6":2,"7":2,"8":9,"9":1,"10":8,"11":1,"12":7,"13":7,"14":1,"15":6,"16":1,"17":5,"18":5,"19":5,"20":5,"21":4,"22":4,"23":2},"f":{"0":9},"b":{"0":[1,8],"1":[1,7],"2":[1,6],"3":[1,5]},"_coverageSchema":"332fd63041d2c1bcb487cc26dd0d5f7d97098a6c","hash":"094203bbd6f43bc95e48cbe65269eca272e8b471"}
,"D:\\Courses\\The Complete Node.js Course - Mosh\\Vidly\\routes\\users.js": {"path":"D:\\Courses\\The Complete Node.js Course - Mosh\\Vidly\\routes\\users.js","statementMap":{"0":{"start":{"line":1,"column":31},"end":{"line":1,"column":56}},"1":{"start":{"line":2,"column":16},"end":{"line":2,"column":34}},"2":{"start":{"line":3,"column":10},"end":{"line":3,"column":27}},"3":{"start":{"line":4,"column":15},"end":{"line":4,"column":32}},"4":{"start":{"line":5,"column":13},"end":{"line":5,"column":42}},"5":{"start":{"line":6,"column":15},"end":{"line":6,"column":31}},"6":{"start":{"line":8,"column":0},"end":{"line":12,"column":3}},"7":{"start":{"line":9,"column":2},"end":{"line":11,"column":36}},"8":{"start":{"line":11,"column":20},"end":{"line":11,"column":34}},"9":{"start":{"line":14,"column":0},"end":{"line":39,"column":3}},"10":{"start":{"line":15,"column":2},"end":{"line":15,"column":24}},"11":{"start":{"line":16,"column":17},"end":{"line":16,"column":39}},"12":{"start":{"line":17,"column":2},"end":{"line":18,"column":65}},"13":{"start":{"line":18,"column":4},"end":{"line":18,"column":65}},"14":{"start":{"line":20,"column":13},"end":{"line":20,"column":58}},"15":{"start":{"line":22,"column":2},"end":{"line":22,"column":65}},"16":{"start":{"line":22,"column":12},"end":{"line":22,"column":65}},"17":{"start":{"line":24,"column":2},"end":{"line":24,"column":67}},"18":{"start":{"line":25,"column":2},"end":{"line":38,"column":7}},"19":{"start":{"line":27,"column":17},"end":{"line":27,"column":46}},"20":{"start":{"line":28,"column":18},"end":{"line":28,"column":35}},"21":{"start":{"line":29,"column":16},"end":{"line":29,"column":27}},"22":{"start":{"line":31,"column":20},"end":{"line":31,"column":44}},"23":{"start":{"line":32,"column":6},"end":{"line":37,"column":58}},"24":{"start":{"line":41,"column":0},"end":{"line":41,"column":24}}},"fnMap":{"0":{"name":"(anonymous_0)","decl":{"start":{"line":8,"column":24},"end":{"line":8,"column":25}},"loc":{"start":{"line":8,"column":38},"end":{"line":12,"column":1}},"line":8},"1":{"name":"(anonymous_1)","decl":{"start":{"line":11,"column":10},"end":{"line":11,"column":11}},"loc":{"start":{"line":11,"column":20},"end":{"line":11,"column":34}},"line":11},"2":{"name":"(anonymous_2)","decl":{"start":{"line":14,"column":17},"end":{"line":14,"column":18}},"loc":{"start":{"line":14,"column":37},"end":{"line":39,"column":1}},"line":14},"3":{"name":"(anonymous_3)","decl":{"start":{"line":27,"column":10},"end":{"line":27,"column":11}},"loc":{"start":{"line":27,"column":17},"end":{"line":27,"column":46}},"line":27},"4":{"name":"(anonymous_4)","decl":{"start":{"line":28,"column":10},"end":{"line":28,"column":11}},"loc":{"start":{"line":28,"column":18},"end":{"line":28,"column":35}},"line":28},"5":{"name":"(anonymous_5)","decl":{"start":{"line":29,"column":10},"end":{"line":29,"column":11}},"loc":{"start":{"line":29,"column":16},"end":{"line":29,"column":27}},"line":29},"6":{"name":"(anonymous_6)","decl":{"start":{"line":30,"column":10},"end":{"line":30,"column":11}},"loc":{"start":{"line":30,"column":20},"end":{"line":38,"column":5}},"line":30}},"branchMap":{"0":{"loc":{"start":{"line":17,"column":2},"end":{"line":18,"column":65}},"type":"if","locations":[{"start":{"line":17,"column":2},"end":{"line":18,"column":65}},{"start":{"line":17,"column":2},"end":{"line":18,"column":65}}],"line":17},"1":{"loc":{"start":{"line":22,"column":2},"end":{"line":22,"column":65}},"type":"if","locations":[{"start":{"line":22,"column":2},"end":{"line":22,"column":65}},{"start":{"line":22,"column":2},"end":{"line":22,"column":65}}],"line":22}},"s":{"0":2,"1":2,"2":2,"3":2,"4":2,"5":2,"6":2,"7":0,"8":0,"9":2,"10":0,"11":0,"12":0,"13":0,"14":0,"15":0,"16":0,"17":0,"18":0,"19":0,"20":0,"21":0,"22":0,"23":0,"24":2},"f":{"0":0,"1":0,"2":0,"3":0,"4":0,"5":0,"6":0},"b":{"0":[0,0],"1":[0,0]},"_coverageSchema":"332fd63041d2c1bcb487cc26dd0d5f7d97098a6c","hash":"3692ca544b8fb7a6cc0076634f5ba67049e2bde0"}
,"D:\\Courses\\The Complete Node.js Course - Mosh\\Vidly\\startup\\config.js": {"path":"D:\\Courses\\The Complete Node.js Course - Mosh\\Vidly\\startup\\config.js","statementMap":{"0":{"start":{"line":1,"column":15},"end":{"line":1,"column":32}},"1":{"start":{"line":3,"column":0},"end":{"line":8,"column":2}},"2":{"start":{"line":4,"column":2},"end":{"line":7,"column":3}},"3":{"start":{"line":5,"column":4},"end":{"line":5,"column":44}},"4":{"start":{"line":6,"column":4},"end":{"line":6,"column":20}}},"fnMap":{"0":{"name":"(anonymous_0)","decl":{"start":{"line":3,"column":17},"end":{"line":3,"column":18}},"loc":{"start":{"line":3,"column":29},"end":{"line":8,"column":1}},"line":3}},"branchMap":{"0":{"loc":{"start":{"line":4,"column":2},"end":{"line":7,"column":3}},"type":"if","locations":[{"start":{"line":4,"column":2},"end":{"line":7,"column":3}},{"start":{"line":4,"column":2},"end":{"line":7,"column":3}}],"line":4}},"s":{"0":2,"1":2,"2":2,"3":0,"4":0},"f":{"0":2},"b":{"0":[0,2]},"_coverageSchema":"332fd63041d2c1bcb487cc26dd0d5f7d97098a6c","hash":"aa9a0c9fcfda07e940faf1f2f2eabcc6066c8d99"}
,"D:\\Courses\\The Complete Node.js Course - Mosh\\Vidly\\startup\\connecttodatabase.js": {"path":"D:\\Courses\\The Complete Node.js Course - Mosh\\Vidly\\startup\\connecttodatabase.js","statementMap":{"0":{"start":{"line":1,"column":17},"end":{"line":1,"column":36}},"1":{"start":{"line":2,"column":16},"end":{"line":2,"column":34}},"2":{"start":{"line":4,"column":0},"end":{"line":12,"column":2}},"3":{"start":{"line":5,"column":2},"end":{"line":11,"column":51}},"4":{"start":{"line":10,"column":16},"end":{"line":10,"column":64}},"5":{"start":{"line":11,"column":17},"end":{"line":11,"column":49}}},"fnMap":{"0":{"name":"(anonymous_0)","decl":{"start":{"line":4,"column":17},"end":{"line":4,"column":18}},"loc":{"start":{"line":4,"column":45},"end":{"line":12,"column":1}},"line":4},"1":{"name":"(anonymous_1)","decl":{"start":{"line":10,"column":10},"end":{"line":10,"column":11}},"loc":{"start":{"line":10,"column":16},"end":{"line":10,"column":64}},"line":10},"2":{"name":"(anonymous_2)","decl":{"start":{"line":11,"column":11},"end":{"line":11,"column":12}},"loc":{"start":{"line":11,"column":17},"end":{"line":11,"column":49}},"line":11}},"branchMap":{},"s":{"0":2,"1":2,"2":2,"3":2,"4":2,"5":0},"f":{"0":2,"1":2,"2":0},"b":{},"_coverageSchema":"332fd63041d2c1bcb487cc26dd0d5f7d97098a6c","hash":"248aa3a3550630f65bdb29a67059bdcfd1161c60"}
,"D:\\Courses\\The Complete Node.js Course - Mosh\\Vidly\\startup\\logging.js": {"path":"D:\\Courses\\The Complete Node.js Course - Mosh\\Vidly\\startup\\logging.js","statementMap":{"0":{"start":{"line":1,"column":16},"end":{"line":1,"column":34}},"1":{"start":{"line":3,"column":0},"end":{"line":3,"column":32}},"2":{"start":{"line":5,"column":0},"end":{"line":20,"column":2}},"3":{"start":{"line":6,"column":2},"end":{"line":9,"column":4}},"4":{"start":{"line":11,"column":2},"end":{"line":13,"column":5}},"5":{"start":{"line":12,"column":4},"end":{"line":12,"column":13}},"6":{"start":{"line":15,"column":2},"end":{"line":15,"column":68}}},"fnMap":{"0":{"name":"(anonymous_0)","decl":{"start":{"line":5,"column":17},"end":{"line":5,"column":18}},"loc":{"start":{"line":5,"column":29},"end":{"line":20,"column":1}},"line":5},"1":{"name":"(anonymous_1)","decl":{"start":{"line":11,"column":35},"end":{"line":11,"column":36}},"loc":{"start":{"line":11,"column":43},"end":{"line":13,"column":3}},"line":11}},"branchMap":{},"s":{"0":2,"1":2,"2":2,"3":2,"4":2,"5":0,"6":2},"f":{"0":2,"1":0},"b":{},"_coverageSchema":"332fd63041d2c1bcb487cc26dd0d5f7d97098a6c","hash":"1de084b29b5aee9cb4b87128b247dc706cd83b8f"}
,"D:\\Courses\\The Complete Node.js Course - Mosh\\Vidly\\startup\\routes.js": {"path":"D:\\Courses\\The Complete Node.js Course - Mosh\\Vidly\\startup\\routes.js","statementMap":{"0":{"start":{"line":1,"column":16},"end":{"line":1,"column":34}},"1":{"start":{"line":2,"column":15},"end":{"line":2,"column":42}},"2":{"start":{"line":3,"column":18},"end":{"line":3,"column":48}},"3":{"start":{"line":4,"column":15},"end":{"line":4,"column":42}},"4":{"start":{"line":5,"column":16},"end":{"line":5,"column":44}},"5":{"start":{"line":6,"column":14},"end":{"line":6,"column":40}},"6":{"start":{"line":7,"column":13},"end":{"line":7,"column":38}},"7":{"start":{"line":8,"column":16},"end":{"line":8,"column":44}},"8":{"start":{"line":9,"column":16},"end":{"line":9,"column":34}},"9":{"start":{"line":11,"column":0},"end":{"line":24,"column":2}},"10":{"start":{"line":12,"column":2},"end":{"line":12,"column":26}},"11":{"start":{"line":13,"column":2},"end":{"line":13,"column":33}},"12":{"start":{"line":14,"column":2},"end":{"line":14,"column":39}},"13":{"start":{"line":15,"column":2},"end":{"line":15,"column":33}},"14":{"start":{"line":16,"column":2},"end":{"line":16,"column":35}},"15":{"start":{"line":17,"column":2},"end":{"line":17,"column":31}},"16":{"start":{"line":18,"column":2},"end":{"line":18,"column":29}},"17":{"start":{"line":19,"column":2},"end":{"line":19,"column":35}},"18":{"start":{"line":20,"column":2},"end":{"line":23,"column":5}},"19":{"start":{"line":21,"column":4},"end":{"line":21,"column":38}},"20":{"start":{"line":22,"column":4},"end":{"line":22,"column":35}}},"fnMap":{"0":{"name":"(anonymous_0)","decl":{"start":{"line":11,"column":17},"end":{"line":11,"column":18}},"loc":{"start":{"line":11,"column":32},"end":{"line":24,"column":1}},"line":11},"1":{"name":"(anonymous_1)","decl":{"start":{"line":20,"column":10},"end":{"line":20,"column":11}},"loc":{"start":{"line":20,"column":35},"end":{"line":23,"column":3}},"line":20}},"branchMap":{},"s":{"0":2,"1":2,"2":2,"3":2,"4":2,"5":2,"6":2,"7":2,"8":2,"9":2,"10":2,"11":2,"12":2,"13":2,"14":2,"15":2,"16":2,"17":2,"18":2,"19":1,"20":1},"f":{"0":2,"1":1},"b":{},"_coverageSchema":"332fd63041d2c1bcb487cc26dd0d5f7d97098a6c","hash":"1204b62c9c20447cf1c43ab6ee4edb22d72a892e"}
,"D:\\Courses\\The Complete Node.js Course - Mosh\\Vidly\\startup\\validation.js": {"path":"D:\\Courses\\The Complete Node.js Course - Mosh\\Vidly\\startup\\validation.js","statementMap":{"0":{"start":{"line":1,"column":12},"end":{"line":1,"column":26}},"1":{"start":{"line":3,"column":0},"end":{"line":5,"column":2}},"2":{"start":{"line":4,"column":2},"end":{"line":4,"column":46}}},"fnMap":{"0":{"name":"(anonymous_0)","decl":{"start":{"line":3,"column":17},"end":{"line":3,"column":18}},"loc":{"start":{"line":3,"column":29},"end":{"line":5,"column":1}},"line":3}},"branchMap":{},"s":{"0":2,"1":2,"2":2},"f":{"0":2},"b":{},"_coverageSchema":"332fd63041d2c1bcb487cc26dd0d5f7d97098a6c","hash":"4eb3776a07a51d1d526f4ebe92943af74c09e0b1"}
}
