TN:
SF:D:\Courses\The Complete Node.js Course - Mosh\Vidly\index.js
FN:28,(anonymous_0)
FNF:1
FNH:1
FNDA:2,(anonymous_0)
DA:1,2
DA:2,2
DA:3,2
DA:4,2
DA:6,2
DA:7,2
DA:13,2
DA:17,2
DA:20,2
DA:21,2
DA:22,2
DA:23,2
DA:24,2
DA:25,2
DA:27,2
DA:28,2
DA:29,2
DA:32,2
LF:18
LH:18
BRDA:27,0,0,2
BRDA:27,0,1,2
BRF:2
BRH:2
end_of_record
TN:
SF:D:\Courses\The Complete Node.js Course - Mosh\Vidly\middleware\admin.js
FN:1,(anonymous_0)
FNF:1
FNH:0
FNDA:0,(anonymous_0)
DA:1,2
DA:2,0
DA:4,0
LF:3
LH:1
BRDA:2,0,0,0
BRDA:2,0,1,0
BRF:2
BRH:0
end_of_record
TN:
SF:D:\Courses\The Complete Node.js Course - Mosh\Vidly\middleware\auth.js
FN:6,(anonymous_0)
FNF:1
FNH:1
FNDA:9,(anonymous_0)
DA:1,2
DA:2,2
DA:6,2
DA:7,9
DA:8,9
DA:10,9
DA:11,9
DA:12,9
DA:13,9
DA:15,0
LF:10
LH:9
BRDA:8,0,0,0
BRDA:8,0,1,9
BRF:2
BRH:1
end_of_record
TN:
SF:D:\Courses\The Complete Node.js Course - Mosh\Vidly\models\customer.js
FN:26,ValidateCustomer
FNF:1
FNH:0
FNDA:0,ValidateCustomer
DA:1,2
DA:2,2
DA:6,2
DA:22,2
DA:27,0
DA:33,0
DA:37,2
DA:38,2
LF:8
LH:6
BRF:0
BRH:0
end_of_record
TN:
SF:D:\Courses\The Complete Node.js Course - Mosh\Vidly\models\genre.js
FN:24,ValidateGenre
FNF:1
FNH:1
FNDA:3,ValidateGenre
DA:1,2
DA:2,2
DA:10,2
DA:20,2
DA:25,3
DA:29,3
DA:33,2
DA:34,2
DA:35,2
LF:9
LH:9
BRF:0
BRH:0
end_of_record
TN:
SF:D:\Courses\The Complete Node.js Course - Mosh\Vidly\models\movie.js
FN:27,ValidateMovie
FNF:1
FNH:0
FNDA:0,ValidateMovie
DA:1,2
DA:2,2
DA:3,2
DA:5,2
DA:25,2
DA:28,0
DA:35,0
DA:38,2
DA:39,2
LF:9
LH:7
BRF:0
BRH:0
end_of_record
TN:
SF:D:\Courses\The Complete Node.js Course - Mosh\Vidly\models\rental.js
FN:53,ValidateRental
FNF:1
FNH:0
FNDA:0,ValidateRental
DA:1,2
DA:2,2
DA:4,2
DA:51,2
DA:54,0
DA:59,0
DA:62,2
DA:63,2
LF:8
LH:6
BRF:0
BRH:0
end_of_record
TN:
SF:D:\Courses\The Complete Node.js Course - Mosh\Vidly\models\user.js
FN:36,(anonymous_0)
FN:46,ValidateUser
FNF:2
FNH:1
FNDA:10,(anonymous_0)
FNDA:0,ValidateUser
DA:1,2
DA:2,2
DA:3,2
DA:4,2
DA:12,2
DA:36,2
DA:37,10
DA:38,10
DA:42,2
DA:47,0
DA:53,0
DA:58,2
DA:59,2
LF:13
LH:11
BRF:0
BRH:0
end_of_record
TN:
SF:D:\Courses\The Complete Node.js Course - Mosh\Vidly\routes\auth.js
FN:9,(anonymous_0)
FN:31,Validate
FNF:2
FNH:0
FNDA:0,(anonymous_0)
FNDA:0,Validate
DA:1,2
DA:2,2
DA:3,2
DA:4,2
DA:5,2
DA:7,2
DA:9,2
DA:10,0
DA:11,0
DA:12,0
DA:14,0
DA:15,0
DA:17,0
DA:18,0
DA:20,0
DA:23,0
DA:32,0
DA:37,0
DA:40,2
LF:19
LH:8
BRDA:11,0,0,0
BRDA:11,0,1,0
BRDA:15,1,0,0
BRDA:15,1,1,0
BRDA:18,2,0,0
BRDA:18,2,1,0
BRF:6
BRH:0
end_of_record
TN:
SF:D:\Courses\The Complete Node.js Course - Mosh\Vidly\routes\customers.js
FN:15,(anonymous_0)
FN:18,(anonymous_1)
FN:19,(anonymous_2)
FN:23,(anonymous_3)
FN:25,(anonymous_4)
FN:26,(anonymous_5)
FN:34,(anonymous_6)
FN:39,(anonymous_7)
FN:40,(anonymous_8)
FN:45,(anonymous_9)
FN:49,(anonymous_10)
FN:50,(anonymous_11)
FN:58,(anonymous_12)
FN:60,(anonymous_13)
FN:61,(anonymous_14)
FNF:15
FNH:0
FNDA:0,(anonymous_0)
FNDA:0,(anonymous_1)
FNDA:0,(anonymous_2)
FNDA:0,(anonymous_3)
FNDA:0,(anonymous_4)
FNDA:0,(anonymous_5)
FNDA:0,(anonymous_6)
FNDA:0,(anonymous_7)
FNDA:0,(anonymous_8)
FNDA:0,(anonymous_9)
FNDA:0,(anonymous_10)
FNDA:0,(anonymous_11)
FNDA:0,(anonymous_12)
FNDA:0,(anonymous_13)
FNDA:0,(anonymous_14)
DA:1,2
DA:2,2
DA:4,2
DA:15,2
DA:16,0
DA:18,0
DA:19,0
DA:23,2
DA:24,0
DA:25,0
DA:27,0
DA:28,0
DA:34,2
DA:35,0
DA:36,0
DA:37,0
DA:38,0
DA:39,0
DA:40,0
DA:45,2
DA:46,0
DA:47,0
DA:48,0
DA:49,0
DA:51,0
DA:52,0
DA:58,2
DA:59,0
DA:60,0
DA:62,0
DA:63,0
DA:70,2
LF:32
LH:9
BRDA:36,0,0,0
BRDA:36,0,1,0
BRDA:47,1,0,0
BRDA:47,1,1,0
BRF:4
BRH:0
end_of_record
TN:
SF:D:\Courses\The Complete Node.js Course - Mosh\Vidly\routes\genres.js
FN:15,(anonymous_0)
FN:18,(anonymous_1)
FN:19,(anonymous_2)
FN:27,(anonymous_3)
FN:29,(anonymous_4)
FN:30,(anonymous_5)
FN:54,(anonymous_6)
FN:59,(anonymous_7)
FN:62,(anonymous_8)
FN:68,(anonymous_9)
FN:69,(anonymous_10)
FN:84,(anonymous_11)
FN:86,(anonymous_12)
FN:87,(anonymous_13)
FNF:14
FNH:5
FNDA:0,(anonymous_0)
FNDA:0,(anonymous_1)
FNDA:0,(anonymous_2)
FNDA:2,(anonymous_3)
FNDA:1,(anonymous_4)
FNDA:1,(anonymous_5)
FNDA:3,(anonymous_6)
FNDA:1,(anonymous_7)
FNDA:0,(anonymous_8)
FNDA:0,(anonymous_9)
FNDA:0,(anonymous_10)
FNDA:0,(anonymous_11)
FNDA:0,(anonymous_12)
FNDA:0,(anonymous_13)
DA:1,2
DA:2,2
DA:3,2
DA:4,2
DA:6,2
DA:15,2
DA:16,0
DA:18,0
DA:20,0
DA:21,0
DA:27,2
DA:28,2
DA:29,1
DA:31,1
DA:32,1
DA:54,2
DA:55,3
DA:56,3
DA:57,2
DA:58,1
DA:59,1
DA:62,2
DA:63,0
DA:64,0
DA:65,0
DA:67,0
DA:68,0
DA:70,0
DA:71,0
DA:84,2
DA:85,0
DA:86,0
DA:88,0
DA:89,0
DA:101,2
LF:35
LH:20
BRDA:56,0,0,2
BRDA:56,0,1,1
BRDA:64,1,0,0
BRDA:64,1,1,0
BRF:4
BRH:2
end_of_record
TN:
SF:D:\Courses\The Complete Node.js Course - Mosh\Vidly\routes\movies.js
FN:7,(anonymous_0)
FN:10,(anonymous_1)
FN:11,(anonymous_2)
FN:14,(anonymous_3)
FN:16,(anonymous_4)
FN:17,(anonymous_5)
FN:23,(anonymous_6)
FN:41,(anonymous_7)
FN:42,(anonymous_8)
FN:45,(anonymous_9)
FN:55,(anonymous_10)
FN:56,(anonymous_11)
FN:62,(anonymous_12)
FN:64,(anonymous_13)
FN:65,(anonymous_14)
FNF:15
FNH:0
FNDA:0,(anonymous_0)
FNDA:0,(anonymous_1)
FNDA:0,(anonymous_2)
FNDA:0,(anonymous_3)
FNDA:0,(anonymous_4)
FNDA:0,(anonymous_5)
FNDA:0,(anonymous_6)
FNDA:0,(anonymous_7)
FNDA:0,(anonymous_8)
FNDA:0,(anonymous_9)
FNDA:0,(anonymous_10)
FNDA:0,(anonymous_11)
FNDA:0,(anonymous_12)
FNDA:0,(anonymous_13)
FNDA:0,(anonymous_14)
DA:1,2
DA:2,2
DA:3,2
DA:5,2
DA:7,2
DA:8,0
DA:10,0
DA:11,0
DA:14,2
DA:15,0
DA:16,0
DA:18,0
DA:19,0
DA:23,2
DA:24,0
DA:25,0
DA:26,0
DA:28,0
DA:29,0
DA:30,0
DA:31,0
DA:34,0
DA:35,0
DA:39,0
DA:41,0
DA:42,0
DA:45,2
DA:46,0
DA:47,0
DA:49,0
DA:50,0
DA:54,0
DA:55,0
DA:57,0
DA:58,0
DA:62,2
DA:63,0
DA:64,0
DA:66,0
DA:67,0
DA:71,2
LF:41
LH:10
BRDA:25,0,0,0
BRDA:25,0,1,0
BRDA:29,1,0,0
BRDA:29,1,1,0
BRDA:47,2,0,0
BRDA:47,2,1,0
BRF:6
BRH:0
end_of_record
TN:
SF:D:\Courses\The Complete Node.js Course - Mosh\Vidly\routes\rentals.js
FN:8,(anonymous_0)
FN:11,(anonymous_1)
FN:12,(anonymous_2)
FN:15,(anonymous_3)
FN:17,(anonymous_4)
FN:18,(anonymous_5)
FN:24,(anonymous_6)
FN:58,(anonymous_7)
FN:63,(anonymous_8)
FN:66,(anonymous_9)
FN:83,(anonymous_10)
FN:84,(anonymous_11)
FN:90,(anonymous_12)
FN:92,(anonymous_13)
FN:93,(anonymous_14)
FNF:15
FNH:0
FNDA:0,(anonymous_0)
FNDA:0,(anonymous_1)
FNDA:0,(anonymous_2)
FNDA:0,(anonymous_3)
FNDA:0,(anonymous_4)
FNDA:0,(anonymous_5)
FNDA:0,(anonymous_6)
FNDA:0,(anonymous_7)
FNDA:0,(anonymous_8)
FNDA:0,(anonymous_9)
FNDA:0,(anonymous_10)
FNDA:0,(anonymous_11)
FNDA:0,(anonymous_12)
FNDA:0,(anonymous_13)
FNDA:0,(anonymous_14)
DA:1,2
DA:2,2
DA:3,2
DA:4,2
DA:6,2
DA:8,2
DA:9,0
DA:11,0
DA:12,0
DA:15,2
DA:16,0
DA:17,0
DA:19,0
DA:20,0
DA:24,2
DA:25,0
DA:26,0
DA:27,0
DA:29,0
DA:30,0
DA:31,0
DA:32,0
DA:35,0
DA:36,0
DA:37,0
DA:38,0
DA:40,0
DA:41,0
DA:56,0
DA:59,0
DA:60,0
DA:61,0
DA:63,0
DA:66,2
DA:67,0
DA:68,0
DA:70,0
DA:71,0
DA:72,0
DA:73,0
DA:76,0
DA:77,0
DA:78,0
DA:79,0
DA:82,0
DA:83,0
DA:85,0
DA:86,0
DA:90,2
DA:91,0
DA:92,0
DA:94,0
DA:95,0
DA:99,2
LF:54
LH:11
BRDA:26,0,0,0
BRDA:26,0,1,0
BRDA:30,1,0,0
BRDA:30,1,1,0
BRDA:36,2,0,0
BRDA:36,2,1,0
BRDA:68,3,0,0
BRDA:68,3,1,0
BRDA:71,4,0,0
BRDA:71,4,1,0
BRDA:77,5,0,0
BRDA:77,5,1,0
BRF:12
BRH:0
end_of_record
TN:
SF:D:\Courses\The Complete Node.js Course - Mosh\Vidly\routes\returns.js
FN:9,(anonymous_0)
FNF:1
FNH:1
FNDA:9,(anonymous_0)
DA:1,2
DA:2,2
DA:3,2
DA:4,2
DA:5,2
DA:6,2
DA:7,2
DA:9,2
DA:10,9
DA:11,1
DA:13,8
DA:15,7
DA:20,7
DA:22,6
DA:24,5
DA:25,5
DA:27,5
DA:29,5
DA:31,3
DA:32,3
DA:37,2
LF:21
LH:21
BRDA:10,0,0,1
BRDA:10,0,1,8
BRDA:13,1,0,1
BRDA:13,1,1,7
BRDA:20,2,0,1
BRDA:20,2,1,6
BRDA:22,3,0,1
BRDA:22,3,1,5
BRF:8
BRH:8
end_of_record
TN:
SF:D:\Courses\The Complete Node.js Course - Mosh\Vidly\routes\users.js
FN:8,(anonymous_0)
FN:11,(anonymous_1)
FN:14,(anonymous_2)
FN:27,(anonymous_3)
FN:28,(anonymous_4)
FN:29,(anonymous_5)
FN:30,(anonymous_6)
FNF:7
FNH:0
FNDA:0,(anonymous_0)
FNDA:0,(anonymous_1)
FNDA:0,(anonymous_2)
FNDA:0,(anonymous_3)
FNDA:0,(anonymous_4)
FNDA:0,(anonymous_5)
FNDA:0,(anonymous_6)
DA:1,2
DA:2,2
DA:3,2
DA:4,2
DA:5,2
DA:6,2
DA:8,2
DA:9,0
DA:11,0
DA:14,2
DA:15,0
DA:16,0
DA:17,0
DA:18,0
DA:20,0
DA:22,0
DA:24,0
DA:25,0
DA:27,0
DA:28,0
DA:29,0
DA:31,0
DA:32,0
DA:41,2
LF:24
LH:9
BRDA:17,0,0,0
BRDA:17,0,1,0
BRDA:22,1,0,0
BRDA:22,1,1,0
BRF:4
BRH:0
end_of_record
TN:
SF:D:\Courses\The Complete Node.js Course - Mosh\Vidly\startup\config.js
FN:3,(anonymous_0)
FNF:1
FNH:1
FNDA:2,(anonymous_0)
DA:1,2
DA:3,2
DA:4,2
DA:5,0
DA:6,0
LF:5
LH:3
BRDA:4,0,0,0
BRDA:4,0,1,2
BRF:2
BRH:1
end_of_record
TN:
SF:D:\Courses\The Complete Node.js Course - Mosh\Vidly\startup\connecttodatabase.js
FN:4,(anonymous_0)
FN:10,(anonymous_1)
FN:11,(anonymous_2)
FNF:3
FNH:2
FNDA:2,(anonymous_0)
FNDA:2,(anonymous_1)
FNDA:0,(anonymous_2)
DA:1,2
DA:2,2
DA:4,2
DA:5,2
DA:10,2
DA:11,0
LF:6
LH:5
BRF:0
BRH:0
end_of_record
TN:
SF:D:\Courses\The Complete Node.js Course - Mosh\Vidly\startup\logging.js
FN:5,(anonymous_0)
FN:11,(anonymous_1)
FNF:2
FNH:1
FNDA:2,(anonymous_0)
FNDA:0,(anonymous_1)
DA:1,2
DA:3,2
DA:5,2
DA:6,2
DA:11,2
DA:12,0
DA:15,2
LF:7
LH:6
BRF:0
BRH:0
end_of_record
TN:
SF:D:\Courses\The Complete Node.js Course - Mosh\Vidly\startup\routes.js
FN:11,(anonymous_0)
FN:20,(anonymous_1)
FNF:2
FNH:2
FNDA:2,(anonymous_0)
FNDA:2,(anonymous_1)
DA:1,2
DA:2,2
DA:3,2
DA:4,2
DA:5,2
DA:6,2
DA:7,2
DA:8,2
DA:9,2
DA:11,2
DA:12,2
DA:13,2
DA:14,2
DA:15,2
DA:16,2
DA:17,2
DA:18,2
DA:19,2
DA:20,2
DA:21,2
DA:22,2
LF:21
LH:21
BRF:0
BRH:0
end_of_record
TN:
SF:D:\Courses\The Complete Node.js Course - Mosh\Vidly\startup\validation.js
FN:3,(anonymous_0)
FNF:1
FNH:1
FNDA:2,(anonymous_0)
DA:1,2
DA:3,2
DA:4,2
LF:3
LH:3
BRF:0
BRH:0
end_of_record
